{"/home/alex/project/hexlet-project/frontend-project-46/src/index.js": {"path":"/home/alex/project/hexlet-project/frontend-project-46/src/index.js","all":false,"statementMap":{"0":{"start":{"line":1,"column":0},"end":{"line":1,"column":39}},"1":{"start":{"line":2,"column":0},"end":{"line":2,"column":24}},"2":{"start":{"line":3,"column":0},"end":{"line":3,"column":23}},"3":{"start":{"line":4,"column":0},"end":{"line":4,"column":0}},"4":{"start":{"line":5,"column":0},"end":{"line":5,"column":33}},"5":{"start":{"line":6,"column":0},"end":{"line":6,"column":63}},"6":{"start":{"line":7,"column":0},"end":{"line":7,"column":47}},"7":{"start":{"line":8,"column":0},"end":{"line":8,"column":36}},"8":{"start":{"line":9,"column":0},"end":{"line":9,"column":29}},"9":{"start":{"line":10,"column":0},"end":{"line":10,"column":29}},"10":{"start":{"line":11,"column":0},"end":{"line":11,"column":28}},"11":{"start":{"line":12,"column":0},"end":{"line":12,"column":46}},"12":{"start":{"line":13,"column":0},"end":{"line":13,"column":5}},"13":{"start":{"line":14,"column":0},"end":{"line":14,"column":31}},"14":{"start":{"line":15,"column":0},"end":{"line":15,"column":46}},"15":{"start":{"line":16,"column":0},"end":{"line":16,"column":5}},"16":{"start":{"line":17,"column":0},"end":{"line":17,"column":31}},"17":{"start":{"line":18,"column":0},"end":{"line":18,"column":46}},"18":{"start":{"line":19,"column":0},"end":{"line":19,"column":5}},"19":{"start":{"line":20,"column":0},"end":{"line":20,"column":68}},"20":{"start":{"line":21,"column":0},"end":{"line":21,"column":9}},"21":{"start":{"line":22,"column":0},"end":{"line":22,"column":2}},"22":{"start":{"line":23,"column":0},"end":{"line":23,"column":41}},"23":{"start":{"line":24,"column":0},"end":{"line":24,"column":36}},"24":{"start":{"line":25,"column":0},"end":{"line":25,"column":36}},"25":{"start":{"line":26,"column":0},"end":{"line":26,"column":47}},"26":{"start":{"line":27,"column":0},"end":{"line":27,"column":39}},"27":{"start":{"line":28,"column":0},"end":{"line":28,"column":48}},"28":{"start":{"line":29,"column":0},"end":{"line":29,"column":40}},"29":{"start":{"line":30,"column":0},"end":{"line":30,"column":6}},"30":{"start":{"line":31,"column":0},"end":{"line":31,"column":41}},"31":{"start":{"line":32,"column":0},"end":{"line":32,"column":38}},"32":{"start":{"line":33,"column":0},"end":{"line":33,"column":5}},"33":{"start":{"line":34,"column":0},"end":{"line":34,"column":61}},"34":{"start":{"line":35,"column":0},"end":{"line":35,"column":18}},"35":{"start":{"line":36,"column":0},"end":{"line":36,"column":3}},"36":{"start":{"line":37,"column":0},"end":{"line":37,"column":43}},"37":{"start":{"line":38,"column":0},"end":{"line":38,"column":1}}},"s":{"0":1,"1":1,"2":1,"3":1,"4":1,"5":1,"6":1,"7":1,"8":5,"9":5,"10":5,"11":1,"12":1,"13":5,"14":1,"15":1,"16":5,"17":2,"18":2,"19":1,"20":1,"21":1,"22":1,"23":1,"24":1,"25":1,"26":1,"27":1,"28":1,"29":1,"30":1,"31":1,"32":1,"33":1,"34":1,"35":1,"36":0,"37":0},"branchMap":{"0":{"type":"branch","line":5,"loc":{"start":{"line":5,"column":16},"end":{"line":22,"column":2}},"locations":[{"start":{"line":5,"column":16},"end":{"line":22,"column":2}}]},"1":{"type":"branch","line":8,"loc":{"start":{"line":8,"column":21},"end":{"line":21,"column":3}},"locations":[{"start":{"line":8,"column":21},"end":{"line":21,"column":3}}]},"2":{"type":"branch","line":11,"loc":{"start":{"line":11,"column":27},"end":{"line":13,"column":5}},"locations":[{"start":{"line":11,"column":27},"end":{"line":13,"column":5}}]},"3":{"type":"branch","line":13,"loc":{"start":{"line":13,"column":4},"end":{"line":14,"column":30}},"locations":[{"start":{"line":13,"column":4},"end":{"line":14,"column":30}}]},"4":{"type":"branch","line":14,"loc":{"start":{"line":14,"column":30},"end":{"line":16,"column":5}},"locations":[{"start":{"line":14,"column":30},"end":{"line":16,"column":5}}]},"5":{"type":"branch","line":16,"loc":{"start":{"line":16,"column":4},"end":{"line":17,"column":30}},"locations":[{"start":{"line":16,"column":4},"end":{"line":17,"column":30}}]},"6":{"type":"branch","line":17,"loc":{"start":{"line":17,"column":30},"end":{"line":19,"column":5}},"locations":[{"start":{"line":17,"column":30},"end":{"line":19,"column":5}}]},"7":{"type":"branch","line":19,"loc":{"start":{"line":19,"column":4},"end":{"line":21,"column":3}},"locations":[{"start":{"line":19,"column":4},"end":{"line":21,"column":3}}]},"8":{"type":"branch","line":23,"loc":{"start":{"line":23,"column":7},"end":{"line":38,"column":1}},"locations":[{"start":{"line":23,"column":7},"end":{"line":38,"column":1}}]},"9":{"type":"branch","line":36,"loc":{"start":{"line":36,"column":2},"end":{"line":38,"column":1}},"locations":[{"start":{"line":36,"column":2},"end":{"line":38,"column":1}}]}},"b":{"0":[1],"1":[5],"2":[1],"3":[4],"4":[1],"5":[3],"6":[2],"7":[1],"8":[1],"9":[0]},"fnMap":{"0":{"name":"getDiff","decl":{"start":{"line":5,"column":16},"end":{"line":22,"column":2}},"loc":{"start":{"line":5,"column":16},"end":{"line":22,"column":2}},"line":5},"1":{"name":"genDiff","decl":{"start":{"line":23,"column":7},"end":{"line":38,"column":1}},"loc":{"start":{"line":23,"column":7},"end":{"line":38,"column":1}},"line":23}},"f":{"0":1,"1":1}}
}
