{"/home/alex/project/hexlet-project/frontend-project-46/src/getDifference.js": {"path":"/home/alex/project/hexlet-project/frontend-project-46/src/getDifference.js","all":false,"statementMap":{"0":{"start":{"line":1,"column":0},"end":{"line":1,"column":23}},"1":{"start":{"line":2,"column":0},"end":{"line":2,"column":0}},"2":{"start":{"line":3,"column":0},"end":{"line":3,"column":39}},"3":{"start":{"line":4,"column":0},"end":{"line":4,"column":71}},"4":{"start":{"line":5,"column":0},"end":{"line":5,"column":44}},"5":{"start":{"line":6,"column":0},"end":{"line":6,"column":28}},"6":{"start":{"line":7,"column":0},"end":{"line":7,"column":68}},"7":{"start":{"line":8,"column":0},"end":{"line":8,"column":5}},"8":{"start":{"line":9,"column":0},"end":{"line":9,"column":28}},"9":{"start":{"line":10,"column":0},"end":{"line":10,"column":70}},"10":{"start":{"line":11,"column":0},"end":{"line":11,"column":5}},"11":{"start":{"line":12,"column":0},"end":{"line":12,"column":67}},"12":{"start":{"line":13,"column":0},"end":{"line":13,"column":14}},"13":{"start":{"line":14,"column":0},"end":{"line":14,"column":15}},"14":{"start":{"line":15,"column":0},"end":{"line":15,"column":14}},"15":{"start":{"line":16,"column":0},"end":{"line":16,"column":76}},"16":{"start":{"line":17,"column":0},"end":{"line":17,"column":8}},"17":{"start":{"line":18,"column":0},"end":{"line":18,"column":5}},"18":{"start":{"line":19,"column":0},"end":{"line":19,"column":43}},"19":{"start":{"line":20,"column":0},"end":{"line":20,"column":90}},"20":{"start":{"line":21,"column":0},"end":{"line":21,"column":5}},"21":{"start":{"line":22,"column":0},"end":{"line":22,"column":70}},"22":{"start":{"line":23,"column":0},"end":{"line":23,"column":9}},"23":{"start":{"line":24,"column":0},"end":{"line":24,"column":72}},"24":{"start":{"line":25,"column":0},"end":{"line":25,"column":41}},"25":{"start":{"line":26,"column":0},"end":{"line":26,"column":16}},"26":{"start":{"line":27,"column":0},"end":{"line":27,"column":2}},"27":{"start":{"line":28,"column":0},"end":{"line":28,"column":29}}},"s":{"0":1,"1":1,"2":1,"3":35,"4":35,"5":126,"6":35,"7":35,"8":126,"9":14,"10":14,"11":126,"12":28,"13":28,"14":28,"15":28,"16":28,"17":28,"18":126,"19":28,"20":28,"21":21,"22":35,"23":35,"24":35,"25":35,"26":35,"27":1},"branchMap":{"0":{"type":"branch","line":3,"loc":{"start":{"line":3,"column":22},"end":{"line":27,"column":2}},"locations":[{"start":{"line":3,"column":22},"end":{"line":27,"column":2}}]},"1":{"type":"branch","line":5,"loc":{"start":{"line":5,"column":29},"end":{"line":23,"column":3}},"locations":[{"start":{"line":5,"column":29},"end":{"line":23,"column":3}}]},"2":{"type":"branch","line":6,"loc":{"start":{"line":6,"column":27},"end":{"line":8,"column":5}},"locations":[{"start":{"line":6,"column":27},"end":{"line":8,"column":5}}]},"3":{"type":"branch","line":8,"loc":{"start":{"line":8,"column":4},"end":{"line":9,"column":27}},"locations":[{"start":{"line":8,"column":4},"end":{"line":9,"column":27}}]},"4":{"type":"branch","line":9,"loc":{"start":{"line":9,"column":27},"end":{"line":11,"column":5}},"locations":[{"start":{"line":9,"column":27},"end":{"line":11,"column":5}}]},"5":{"type":"branch","line":11,"loc":{"start":{"line":11,"column":4},"end":{"line":12,"column":38}},"locations":[{"start":{"line":11,"column":4},"end":{"line":12,"column":38}}]},"6":{"type":"branch","line":12,"loc":{"start":{"line":12,"column":34},"end":{"line":12,"column":64}},"locations":[{"start":{"line":12,"column":34},"end":{"line":12,"column":64}}]},"7":{"type":"branch","line":12,"loc":{"start":{"line":12,"column":66},"end":{"line":18,"column":5}},"locations":[{"start":{"line":12,"column":66},"end":{"line":18,"column":5}}]},"8":{"type":"branch","line":18,"loc":{"start":{"line":18,"column":4},"end":{"line":19,"column":42}},"locations":[{"start":{"line":18,"column":4},"end":{"line":19,"column":42}}]},"9":{"type":"branch","line":19,"loc":{"start":{"line":19,"column":42},"end":{"line":21,"column":5}},"locations":[{"start":{"line":19,"column":42},"end":{"line":21,"column":5}}]},"10":{"type":"branch","line":21,"loc":{"start":{"line":21,"column":4},"end":{"line":23,"column":3}},"locations":[{"start":{"line":21,"column":4},"end":{"line":23,"column":3}}]}},"b":{"0":[35],"1":[126],"2":[35],"3":[91],"4":[14],"5":[77],"6":[35],"7":[28],"8":[49],"9":[28],"10":[21]},"fnMap":{"0":{"name":"getDifference","decl":{"start":{"line":3,"column":22},"end":{"line":27,"column":2}},"loc":{"start":{"line":3,"column":22},"end":{"line":27,"column":2}},"line":3}},"f":{"0":35}}
,"/home/alex/project/hexlet-project/frontend-project-46/src/index.js": {"path":"/home/alex/project/hexlet-project/frontend-project-46/src/index.js","all":false,"statementMap":{"0":{"start":{"line":1,"column":0},"end":{"line":1,"column":34}},"1":{"start":{"line":2,"column":0},"end":{"line":2,"column":73}},"2":{"start":{"line":3,"column":0},"end":{"line":3,"column":33}},"3":{"start":{"line":4,"column":0},"end":{"line":4,"column":31}},"4":{"start":{"line":5,"column":0},"end":{"line":5,"column":47}},"5":{"start":{"line":6,"column":0},"end":{"line":6,"column":47}},"6":{"start":{"line":7,"column":0},"end":{"line":7,"column":0}},"7":{"start":{"line":8,"column":0},"end":{"line":8,"column":56}},"8":{"start":{"line":9,"column":0},"end":{"line":9,"column":82}},"9":{"start":{"line":10,"column":0},"end":{"line":10,"column":0}},"10":{"start":{"line":11,"column":0},"end":{"line":11,"column":63}},"11":{"start":{"line":12,"column":0},"end":{"line":12,"column":44}},"12":{"start":{"line":13,"column":0},"end":{"line":13,"column":44}},"13":{"start":{"line":14,"column":0},"end":{"line":14,"column":32}},"14":{"start":{"line":15,"column":0},"end":{"line":15,"column":32}},"15":{"start":{"line":16,"column":0},"end":{"line":16,"column":51}},"16":{"start":{"line":17,"column":0},"end":{"line":17,"column":51}},"17":{"start":{"line":18,"column":0},"end":{"line":18,"column":64}},"18":{"start":{"line":19,"column":0},"end":{"line":19,"column":2}}},"s":{"0":1,"1":1,"2":1,"3":1,"4":1,"5":1,"6":1,"7":1,"8":1,"9":1,"10":1,"11":8,"12":8,"13":8,"14":8,"15":8,"16":8,"17":8,"18":8},"branchMap":{"0":{"type":"branch","line":8,"loc":{"start":{"line":8,"column":20},"end":{"line":8,"column":55}},"locations":[{"start":{"line":8,"column":20},"end":{"line":8,"column":55}}]},"1":{"type":"branch","line":9,"loc":{"start":{"line":9,"column":17},"end":{"line":9,"column":81}},"locations":[{"start":{"line":9,"column":17},"end":{"line":9,"column":81}}]},"2":{"type":"branch","line":11,"loc":{"start":{"line":11,"column":15},"end":{"line":19,"column":2}},"locations":[{"start":{"line":11,"column":15},"end":{"line":19,"column":2}}]}},"b":{"0":[16],"1":[16],"2":[8]},"fnMap":{"0":{"name":"getContent","decl":{"start":{"line":8,"column":20},"end":{"line":8,"column":55}},"loc":{"start":{"line":8,"column":20},"end":{"line":8,"column":55}},"line":8},"1":{"name":"getPath","decl":{"start":{"line":9,"column":17},"end":{"line":9,"column":81}},"loc":{"start":{"line":9,"column":17},"end":{"line":9,"column":81}},"line":9},"2":{"name":"default","decl":{"start":{"line":11,"column":15},"end":{"line":19,"column":2}},"loc":{"start":{"line":11,"column":15},"end":{"line":19,"column":2}},"line":11}},"f":{"0":16,"1":16,"2":8}}
,"/home/alex/project/hexlet-project/frontend-project-46/src/parse.js": {"path":"/home/alex/project/hexlet-project/frontend-project-46/src/parse.js","all":false,"statementMap":{"0":{"start":{"line":1,"column":0},"end":{"line":1,"column":27}},"1":{"start":{"line":2,"column":0},"end":{"line":2,"column":0}},"2":{"start":{"line":3,"column":0},"end":{"line":3,"column":37}},"3":{"start":{"line":4,"column":0},"end":{"line":4,"column":23}},"4":{"start":{"line":5,"column":0},"end":{"line":5,"column":17}},"5":{"start":{"line":6,"column":0},"end":{"line":6,"column":29}},"6":{"start":{"line":7,"column":0},"end":{"line":7,"column":16}},"7":{"start":{"line":8,"column":0},"end":{"line":8,"column":17}},"8":{"start":{"line":9,"column":0},"end":{"line":9,"column":28}},"9":{"start":{"line":10,"column":0},"end":{"line":10,"column":12}},"10":{"start":{"line":11,"column":0},"end":{"line":11,"column":90}},"11":{"start":{"line":12,"column":0},"end":{"line":12,"column":3}},"12":{"start":{"line":13,"column":0},"end":{"line":13,"column":2}}},"s":{"0":1,"1":1,"2":1,"3":16,"4":16,"5":7,"6":16,"7":16,"8":8,"9":16,"10":1,"11":16,"12":16},"branchMap":{"0":{"type":"branch","line":3,"loc":{"start":{"line":3,"column":15},"end":{"line":13,"column":2}},"locations":[{"start":{"line":3,"column":15},"end":{"line":13,"column":2}}]},"1":{"type":"branch","line":5,"loc":{"start":{"line":5,"column":4},"end":{"line":6,"column":29}},"locations":[{"start":{"line":5,"column":4},"end":{"line":6,"column":29}}]},"2":{"type":"branch","line":7,"loc":{"start":{"line":7,"column":4},"end":{"line":7,"column":16}},"locations":[{"start":{"line":7,"column":4},"end":{"line":7,"column":16}}]},"3":{"type":"branch","line":8,"loc":{"start":{"line":8,"column":4},"end":{"line":9,"column":28}},"locations":[{"start":{"line":8,"column":4},"end":{"line":9,"column":28}}]},"4":{"type":"branch","line":10,"loc":{"start":{"line":10,"column":4},"end":{"line":11,"column":90}},"locations":[{"start":{"line":10,"column":4},"end":{"line":11,"column":90}}]}},"b":{"0":[16],"1":[7],"2":[5],"3":[8],"4":[1]},"fnMap":{"0":{"name":"default","decl":{"start":{"line":3,"column":15},"end":{"line":13,"column":2}},"loc":{"start":{"line":3,"column":15},"end":{"line":13,"column":2}},"line":3}},"f":{"0":16}}
,"/home/alex/project/hexlet-project/frontend-project-46/src/formatters/index.js": {"path":"/home/alex/project/hexlet-project/frontend-project-46/src/formatters/index.js","all":false,"statementMap":{"0":{"start":{"line":1,"column":0},"end":{"line":1,"column":29}},"1":{"start":{"line":2,"column":0},"end":{"line":2,"column":31}},"2":{"start":{"line":3,"column":0},"end":{"line":3,"column":35}},"3":{"start":{"line":4,"column":0},"end":{"line":4,"column":95}},"4":{"start":{"line":5,"column":0},"end":{"line":5,"column":41}},"5":{"start":{"line":6,"column":0},"end":{"line":6,"column":73}},"6":{"start":{"line":7,"column":0},"end":{"line":7,"column":82}},"7":{"start":{"line":8,"column":0},"end":{"line":8,"column":83}},"8":{"start":{"line":9,"column":0},"end":{"line":9,"column":44}},"9":{"start":{"line":10,"column":0},"end":{"line":10,"column":41}},"10":{"start":{"line":11,"column":0},"end":{"line":11,"column":34}},"11":{"start":{"line":12,"column":0},"end":{"line":12,"column":43}},"12":{"start":{"line":13,"column":0},"end":{"line":13,"column":3}},"13":{"start":{"line":14,"column":0},"end":{"line":14,"column":56}},"14":{"start":{"line":15,"column":0},"end":{"line":15,"column":2}}},"s":{"0":1,"1":1,"2":1,"3":1,"4":1,"5":1,"6":1,"7":1,"8":1,"9":1,"10":7,"11":6,"12":6,"13":1,"14":1},"branchMap":{"0":{"type":"branch","line":10,"loc":{"start":{"line":10,"column":15},"end":{"line":15,"column":2}},"locations":[{"start":{"line":10,"column":15},"end":{"line":15,"column":2}}]},"1":{"type":"branch","line":11,"loc":{"start":{"line":11,"column":33},"end":{"line":13,"column":3}},"locations":[{"start":{"line":11,"column":33},"end":{"line":13,"column":3}}]},"2":{"type":"branch","line":13,"loc":{"start":{"line":13,"column":2},"end":{"line":15,"column":2}},"locations":[{"start":{"line":13,"column":2},"end":{"line":15,"column":2}}]}},"b":{"0":[7],"1":[6],"2":[1]},"fnMap":{"0":{"name":"default","decl":{"start":{"line":10,"column":15},"end":{"line":15,"column":2}},"loc":{"start":{"line":10,"column":15},"end":{"line":15,"column":2}},"line":10}},"f":{"0":7}}
,"/home/alex/project/hexlet-project/frontend-project-46/src/formatters/json.js": {"path":"/home/alex/project/hexlet-project/frontend-project-46/src/formatters/json.js","all":false,"statementMap":{"0":{"start":{"line":1,"column":0},"end":{"line":1,"column":46}}},"s":{"0":1},"branchMap":{"0":{"type":"branch","line":1,"loc":{"start":{"line":1,"column":16},"end":{"line":1,"column":45}},"locations":[{"start":{"line":1,"column":16},"end":{"line":1,"column":45}}]}},"b":{"0":[2]},"fnMap":{"0":{"name":"default","decl":{"start":{"line":1,"column":16},"end":{"line":1,"column":45}},"loc":{"start":{"line":1,"column":16},"end":{"line":1,"column":45}},"line":1}},"f":{"0":2}}
,"/home/alex/project/hexlet-project/frontend-project-46/src/formatters/plain.js": {"path":"/home/alex/project/hexlet-project/frontend-project-46/src/formatters/plain.js","all":false,"statementMap":{"0":{"start":{"line":1,"column":0},"end":{"line":1,"column":23}},"1":{"start":{"line":2,"column":0},"end":{"line":2,"column":0}},"2":{"start":{"line":3,"column":0},"end":{"line":3,"column":60}},"3":{"start":{"line":4,"column":0},"end":{"line":4,"column":33}},"4":{"start":{"line":5,"column":0},"end":{"line":5,"column":28}},"5":{"start":{"line":6,"column":0},"end":{"line":6,"column":29}},"6":{"start":{"line":7,"column":0},"end":{"line":7,"column":3}},"7":{"start":{"line":8,"column":0},"end":{"line":8,"column":64}},"8":{"start":{"line":9,"column":0},"end":{"line":9,"column":2}},"9":{"start":{"line":10,"column":0},"end":{"line":10,"column":26}},"10":{"start":{"line":11,"column":0},"end":{"line":11,"column":39}},"11":{"start":{"line":12,"column":0},"end":{"line":12,"column":71}},"12":{"start":{"line":13,"column":0},"end":{"line":13,"column":35}},"13":{"start":{"line":14,"column":0},"end":{"line":14,"column":36}},"14":{"start":{"line":15,"column":0},"end":{"line":15,"column":25}},"15":{"start":{"line":16,"column":0},"end":{"line":16,"column":21}},"16":{"start":{"line":17,"column":0},"end":{"line":17,"column":72}},"17":{"start":{"line":18,"column":0},"end":{"line":18,"column":22}},"18":{"start":{"line":19,"column":0},"end":{"line":19,"column":14}},"19":{"start":{"line":20,"column":0},"end":{"line":20,"column":23}},"20":{"start":{"line":21,"column":0},"end":{"line":21,"column":50}},"21":{"start":{"line":22,"column":0},"end":{"line":22,"column":23}},"22":{"start":{"line":23,"column":0},"end":{"line":23,"column":68}},"23":{"start":{"line":24,"column":0},"end":{"line":24,"column":23}},"24":{"start":{"line":25,"column":0},"end":{"line":25,"column":43}},"25":{"start":{"line":26,"column":0},"end":{"line":26,"column":22}},"26":{"start":{"line":27,"column":0},"end":{"line":27,"column":44}},"27":{"start":{"line":28,"column":0},"end":{"line":28,"column":16}},"28":{"start":{"line":29,"column":0},"end":{"line":29,"column":20}},"29":{"start":{"line":30,"column":0},"end":{"line":30,"column":7}},"30":{"start":{"line":31,"column":0},"end":{"line":31,"column":7}},"31":{"start":{"line":32,"column":0},"end":{"line":32,"column":46}},"32":{"start":{"line":33,"column":0},"end":{"line":33,"column":4}},"33":{"start":{"line":34,"column":0},"end":{"line":34,"column":25}},"34":{"start":{"line":35,"column":0},"end":{"line":35,"column":2}},"35":{"start":{"line":36,"column":0},"end":{"line":36,"column":0}},"36":{"start":{"line":37,"column":0},"end":{"line":37,"column":21}}},"s":{"0":1,"1":1,"2":1,"3":1,"4":26,"5":6,"6":6,"7":26,"8":26,"9":1,"10":2,"11":10,"12":36,"13":36,"14":36,"15":36,"16":10,"17":10,"18":10,"19":36,"20":4,"21":36,"22":8,"23":8,"24":8,"25":36,"26":8,"27":36,"28":6,"29":36,"30":10,"31":10,"32":2,"33":2,"34":2,"35":1,"36":1},"branchMap":{"0":{"type":"branch","line":4,"loc":{"start":{"line":4,"column":20},"end":{"line":9,"column":2}},"locations":[{"start":{"line":4,"column":20},"end":{"line":9,"column":2}}]},"1":{"type":"branch","line":5,"loc":{"start":{"line":5,"column":27},"end":{"line":7,"column":3}},"locations":[{"start":{"line":5,"column":27},"end":{"line":7,"column":3}}]},"2":{"type":"branch","line":7,"loc":{"start":{"line":7,"column":2},"end":{"line":8,"column":32}},"locations":[{"start":{"line":7,"column":2},"end":{"line":8,"column":32}}]},"3":{"type":"branch","line":8,"loc":{"start":{"line":8,"column":28},"end":{"line":8,"column":45}},"locations":[{"start":{"line":8,"column":28},"end":{"line":8,"column":45}}]},"4":{"type":"branch","line":8,"loc":{"start":{"line":8,"column":45},"end":{"line":8,"column":63}},"locations":[{"start":{"line":8,"column":45},"end":{"line":8,"column":63}}]},"5":{"type":"branch","line":10,"loc":{"start":{"line":10,"column":15},"end":{"line":35,"column":2}},"locations":[{"start":{"line":10,"column":15},"end":{"line":35,"column":2}}]},"6":{"type":"branch","line":11,"loc":{"start":{"line":11,"column":15},"end":{"line":33,"column":3}},"locations":[{"start":{"line":11,"column":15},"end":{"line":33,"column":3}}]},"7":{"type":"branch","line":12,"loc":{"start":{"line":12,"column":54},"end":{"line":31,"column":5}},"locations":[{"start":{"line":12,"column":54},"end":{"line":31,"column":5}}]},"8":{"type":"branch","line":16,"loc":{"start":{"line":16,"column":8},"end":{"line":19,"column":14}},"locations":[{"start":{"line":16,"column":8},"end":{"line":19,"column":14}}]},"9":{"type":"branch","line":20,"loc":{"start":{"line":20,"column":8},"end":{"line":21,"column":50}},"locations":[{"start":{"line":20,"column":8},"end":{"line":21,"column":50}}]},"10":{"type":"branch","line":22,"loc":{"start":{"line":22,"column":8},"end":{"line":25,"column":43}},"locations":[{"start":{"line":22,"column":8},"end":{"line":25,"column":43}}]},"11":{"type":"branch","line":26,"loc":{"start":{"line":26,"column":8},"end":{"line":27,"column":44}},"locations":[{"start":{"line":26,"column":8},"end":{"line":27,"column":44}}]},"12":{"type":"branch","line":28,"loc":{"start":{"line":28,"column":8},"end":{"line":29,"column":20}},"locations":[{"start":{"line":28,"column":8},"end":{"line":29,"column":20}}]}},"b":{"0":[26],"1":[6],"2":[20],"3":[14],"4":[6],"5":[2],"6":[10],"7":[36],"8":[10],"9":[4],"10":[8],"11":[8],"12":[6]},"fnMap":{"0":{"name":"getContent","decl":{"start":{"line":4,"column":20},"end":{"line":9,"column":2}},"loc":{"start":{"line":4,"column":20},"end":{"line":9,"column":2}},"line":4},"1":{"name":"plain","decl":{"start":{"line":10,"column":15},"end":{"line":35,"column":2}},"loc":{"start":{"line":10,"column":15},"end":{"line":35,"column":2}},"line":10},"2":{"name":"iter","decl":{"start":{"line":11,"column":15},"end":{"line":33,"column":3}},"loc":{"start":{"line":11,"column":15},"end":{"line":33,"column":3}},"line":11}},"f":{"0":26,"1":2,"2":10}}
,"/home/alex/project/hexlet-project/frontend-project-46/src/formatters/stylish.js": {"path":"/home/alex/project/hexlet-project/frontend-project-46/src/formatters/stylish.js","all":false,"statementMap":{"0":{"start":{"line":1,"column":0},"end":{"line":1,"column":23}},"1":{"start":{"line":2,"column":0},"end":{"line":2,"column":0}},"2":{"start":{"line":3,"column":0},"end":{"line":3,"column":21}},"3":{"start":{"line":4,"column":0},"end":{"line":4,"column":22}},"4":{"start":{"line":5,"column":0},"end":{"line":5,"column":15}},"5":{"start":{"line":6,"column":0},"end":{"line":6,"column":14}},"6":{"start":{"line":7,"column":0},"end":{"line":7,"column":16}},"7":{"start":{"line":8,"column":0},"end":{"line":8,"column":18}},"8":{"start":{"line":9,"column":0},"end":{"line":9,"column":2}},"9":{"start":{"line":10,"column":0},"end":{"line":10,"column":70}},"10":{"start":{"line":11,"column":0},"end":{"line":11,"column":28}},"11":{"start":{"line":12,"column":0},"end":{"line":12,"column":41}},"12":{"start":{"line":13,"column":0},"end":{"line":13,"column":36}},"13":{"start":{"line":14,"column":0},"end":{"line":14,"column":26}},"14":{"start":{"line":15,"column":0},"end":{"line":15,"column":5}},"15":{"start":{"line":16,"column":0},"end":{"line":16,"column":68}},"16":{"start":{"line":17,"column":0},"end":{"line":17,"column":38}},"17":{"start":{"line":18,"column":0},"end":{"line":18,"column":25}},"18":{"start":{"line":19,"column":0},"end":{"line":19,"column":21}},"19":{"start":{"line":20,"column":0},"end":{"line":20,"column":23}},"20":{"start":{"line":21,"column":0},"end":{"line":21,"column":25}},"21":{"start":{"line":22,"column":0},"end":{"line":22,"column":60}},"22":{"start":{"line":23,"column":0},"end":{"line":23,"column":22}},"23":{"start":{"line":24,"column":0},"end":{"line":24,"column":22}},"24":{"start":{"line":25,"column":0},"end":{"line":25,"column":14}},"25":{"start":{"line":26,"column":0},"end":{"line":26,"column":22}},"26":{"start":{"line":27,"column":0},"end":{"line":27,"column":71}},"27":{"start":{"line":28,"column":0},"end":{"line":28,"column":23}},"28":{"start":{"line":29,"column":0},"end":{"line":29,"column":44}},"29":{"start":{"line":30,"column":0},"end":{"line":30,"column":23}},"30":{"start":{"line":31,"column":0},"end":{"line":31,"column":22}},"31":{"start":{"line":32,"column":0},"end":{"line":32,"column":65}},"32":{"start":{"line":33,"column":0},"end":{"line":33,"column":16}},"33":{"start":{"line":34,"column":0},"end":{"line":34,"column":62}},"34":{"start":{"line":35,"column":0},"end":{"line":35,"column":7}},"35":{"start":{"line":36,"column":0},"end":{"line":36,"column":7}},"36":{"start":{"line":37,"column":0},"end":{"line":37,"column":0}},"37":{"start":{"line":38,"column":0},"end":{"line":38,"column":12}},"38":{"start":{"line":39,"column":0},"end":{"line":39,"column":10}},"39":{"start":{"line":40,"column":0},"end":{"line":40,"column":15}},"40":{"start":{"line":41,"column":0},"end":{"line":41,"column":55}},"41":{"start":{"line":42,"column":0},"end":{"line":42,"column":17}},"42":{"start":{"line":43,"column":0},"end":{"line":43,"column":4}},"43":{"start":{"line":44,"column":0},"end":{"line":44,"column":0}},"44":{"start":{"line":45,"column":0},"end":{"line":45,"column":24}},"45":{"start":{"line":46,"column":0},"end":{"line":46,"column":2}},"46":{"start":{"line":47,"column":0},"end":{"line":47,"column":0}},"47":{"start":{"line":48,"column":0},"end":{"line":48,"column":23}}},"s":{"0":1,"1":1,"2":1,"3":1,"4":1,"5":1,"6":1,"7":1,"8":1,"9":1,"10":1,"11":2,"12":64,"13":40,"14":40,"15":24,"16":54,"17":54,"18":54,"19":54,"20":54,"21":20,"22":20,"23":20,"24":20,"25":54,"26":8,"27":54,"28":8,"29":8,"30":8,"31":8,"32":54,"33":18,"34":54,"35":24,"36":24,"37":24,"38":24,"39":24,"40":24,"41":24,"42":2,"43":2,"44":2,"45":2,"46":1,"47":1},"branchMap":{"0":{"type":"branch","line":10,"loc":{"start":{"line":10,"column":19},"end":{"line":10,"column":69}},"locations":[{"start":{"line":10,"column":19},"end":{"line":10,"column":69}}]},"1":{"type":"branch","line":11,"loc":{"start":{"line":11,"column":17},"end":{"line":46,"column":2}},"locations":[{"start":{"line":11,"column":17},"end":{"line":46,"column":2}}]},"2":{"type":"branch","line":12,"loc":{"start":{"line":12,"column":15},"end":{"line":43,"column":3}},"locations":[{"start":{"line":12,"column":15},"end":{"line":43,"column":3}}]},"3":{"type":"branch","line":13,"loc":{"start":{"line":13,"column":35},"end":{"line":15,"column":5}},"locations":[{"start":{"line":13,"column":35},"end":{"line":15,"column":5}}]},"4":{"type":"branch","line":15,"loc":{"start":{"line":15,"column":4},"end":{"line":43,"column":3}},"locations":[{"start":{"line":15,"column":4},"end":{"line":43,"column":3}}]},"5":{"type":"branch","line":16,"loc":{"start":{"line":16,"column":51},"end":{"line":36,"column":5}},"locations":[{"start":{"line":16,"column":51},"end":{"line":36,"column":5}}]},"6":{"type":"branch","line":19,"loc":{"start":{"line":19,"column":8},"end":{"line":19,"column":21}},"locations":[{"start":{"line":19,"column":8},"end":{"line":19,"column":21}}]},"7":{"type":"branch","line":20,"loc":{"start":{"line":20,"column":8},"end":{"line":20,"column":23}},"locations":[{"start":{"line":20,"column":8},"end":{"line":20,"column":23}}]},"8":{"type":"branch","line":21,"loc":{"start":{"line":21,"column":8},"end":{"line":25,"column":14}},"locations":[{"start":{"line":21,"column":8},"end":{"line":25,"column":14}}]},"9":{"type":"branch","line":26,"loc":{"start":{"line":26,"column":8},"end":{"line":27,"column":71}},"locations":[{"start":{"line":26,"column":8},"end":{"line":27,"column":71}}]},"10":{"type":"branch","line":28,"loc":{"start":{"line":28,"column":8},"end":{"line":32,"column":65}},"locations":[{"start":{"line":28,"column":8},"end":{"line":32,"column":65}}]},"11":{"type":"branch","line":33,"loc":{"start":{"line":33,"column":8},"end":{"line":34,"column":62}},"locations":[{"start":{"line":33,"column":8},"end":{"line":34,"column":62}}]}},"b":{"0":[54],"1":[2],"2":[64],"3":[40],"4":[24],"5":[54],"6":[10],"7":[14],"8":[20],"9":[8],"10":[8],"11":[18]},"fnMap":{"0":{"name":"getIndent","decl":{"start":{"line":10,"column":19},"end":{"line":10,"column":69}},"loc":{"start":{"line":10,"column":19},"end":{"line":10,"column":69}},"line":10},"1":{"name":"stylish","decl":{"start":{"line":11,"column":17},"end":{"line":46,"column":2}},"loc":{"start":{"line":11,"column":17},"end":{"line":46,"column":2}},"line":11},"2":{"name":"iter","decl":{"start":{"line":12,"column":15},"end":{"line":43,"column":3}},"loc":{"start":{"line":12,"column":15},"end":{"line":43,"column":3}},"line":12}},"f":{"0":54,"1":2,"2":64}}
}
