TN:
SF:src/getDifference.js
FN:6,getDifference
FNF:1
FNH:1
FNDA:20,getDifference
DA:1,1
DA:2,1
DA:3,1
DA:4,1
DA:5,1
DA:6,1
DA:7,20
DA:8,20
DA:9,72
DA:10,20
DA:11,20
DA:12,72
DA:13,8
DA:14,8
DA:15,72
DA:16,16
DA:17,16
DA:18,16
DA:19,16
DA:20,16
DA:21,72
DA:22,16
DA:23,16
DA:24,12
DA:25,20
DA:26,20
DA:27,20
DA:28,1
LF:28
LH:28
BRDA:6,0,0,20
BRDA:8,1,0,72
BRDA:9,2,0,20
BRDA:11,3,0,52
BRDA:12,4,0,8
BRDA:14,5,0,44
BRDA:15,6,0,20
BRDA:15,7,0,16
BRDA:20,8,0,28
BRDA:21,9,0,16
BRDA:23,10,0,12
BRF:11
BRH:11
end_of_record
TN:
SF:src/index.js
FN:7,getContent
FN:13,default
FNF:2
FNH:2
FNDA:10,getContent
FNDA:5,default
DA:1,1
DA:2,1
DA:3,1
DA:4,1
DA:5,1
DA:6,1
DA:7,1
DA:8,10
DA:9,10
DA:10,10
DA:11,10
DA:12,1
DA:13,1
DA:14,5
DA:15,5
DA:16,5
DA:17,5
DA:18,5
DA:19,5
DA:20,5
DA:21,5
LF:21
LH:21
BRDA:7,0,0,10
BRDA:13,1,0,5
BRF:2
BRH:2
end_of_record
TN:
SF:src/parse.js
FN:3,default
FNF:1
FNH:1
FNDA:4,default
DA:1,1
DA:2,1
DA:3,1
DA:4,8
DA:5,8
DA:6,4
DA:7,8
DA:8,8
DA:9,4
DA:10,8
DA:11,0
DA:12,8
DA:13,1
LF:13
LH:12
BRDA:3,0,0,4
BRDA:3,1,0,8
BRDA:5,2,0,4
BRDA:7,3,0,1
BRDA:8,4,0,4
BRDA:10,5,0,0
BRF:6
BRH:5
end_of_record
TN:
SF:src/formatters/index.js
FN:10,default
FNF:1
FNH:1
FNDA:4,default
DA:1,1
DA:2,1
DA:3,1
DA:4,1
DA:5,1
DA:6,1
DA:7,1
DA:8,1
DA:9,1
DA:10,1
DA:11,4
DA:12,4
DA:13,3
DA:14,4
DA:15,1
DA:16,1
DA:17,3
DA:18,2
DA:19,4
DA:20,4
LF:20
LH:20
BRDA:10,0,0,4
BRDA:13,1,0,3
BRDA:14,2,0,1
BRDA:16,3,0,3
BRDA:18,4,0,2
BRDA:19,5,0,1
BRF:6
BRH:6
end_of_record
TN:
SF:src/formatters/json.js
FN:1,default
FNF:1
FNH:1
FNDA:1,default
DA:1,1
LF:1
LH:1
BRDA:1,0,0,1
BRF:1
BRH:1
end_of_record
TN:
SF:src/formatters/plain.js
FN:4,getContent
FN:10,plain
FN:11,iter
FNF:3
FNH:3
FNDA:13,getContent
FNDA:1,plain
FNDA:5,iter
DA:1,1
DA:2,1
DA:3,1
DA:4,1
DA:5,13
DA:6,3
DA:7,3
DA:8,13
DA:9,13
DA:10,1
DA:11,1
DA:12,5
DA:13,18
DA:14,18
DA:15,18
DA:16,18
DA:17,5
DA:18,5
DA:19,5
DA:20,18
DA:21,2
DA:22,18
DA:23,4
DA:24,4
DA:25,4
DA:26,18
DA:27,4
DA:28,18
DA:29,3
DA:30,18
DA:31,5
DA:32,5
DA:33,1
DA:34,1
DA:35,1
DA:36,1
DA:37,1
LF:37
LH:37
BRDA:4,0,0,13
BRDA:5,1,0,3
BRDA:7,2,0,10
BRDA:8,3,0,7
BRDA:8,4,0,3
BRDA:10,5,0,1
BRDA:11,6,0,5
BRDA:12,7,0,18
BRDA:16,8,0,5
BRDA:20,9,0,2
BRDA:22,10,0,4
BRDA:26,11,0,4
BRDA:28,12,0,3
BRF:13
BRH:13
end_of_record
TN:
SF:src/formatters/stylish.js
FN:10,getIndent
FN:11,stylish
FN:12,iter
FNF:3
FNH:3
FNDA:27,getIndent
FNDA:1,stylish
FNDA:32,iter
DA:1,1
DA:2,1
DA:3,1
DA:4,1
DA:5,1
DA:6,1
DA:7,1
DA:8,1
DA:9,1
DA:10,1
DA:11,1
DA:12,1
DA:13,32
DA:14,20
DA:15,20
DA:16,12
DA:17,27
DA:18,27
DA:19,27
DA:20,27
DA:21,27
DA:22,10
DA:23,10
DA:24,10
DA:25,10
DA:26,27
DA:27,4
DA:28,27
DA:29,4
DA:30,4
DA:31,4
DA:32,4
DA:33,27
DA:34,9
DA:35,27
DA:36,12
DA:37,12
DA:38,12
DA:39,12
DA:40,12
DA:41,12
DA:42,12
DA:43,1
DA:44,1
DA:45,1
DA:46,1
DA:47,1
DA:48,1
LF:48
LH:48
BRDA:10,0,0,27
BRDA:11,1,0,1
BRDA:12,2,0,32
BRDA:13,3,0,20
BRDA:15,4,0,12
BRDA:16,5,0,27
BRDA:19,6,0,5
BRDA:20,7,0,7
BRDA:21,8,0,10
BRDA:26,9,0,4
BRDA:28,10,0,4
BRDA:33,11,0,9
BRF:12
BRH:12
end_of_record
