TN:
SF:src/index.js
FN:6,getDiff
FN:26,genDiff
FNF:2
FNH:2
FNDA:6,getDiff
FNDA:6,genDiff
DA:1,1
DA:2,1
DA:3,1
DA:4,1
DA:5,1
DA:6,1
DA:7,6
DA:8,6
DA:9,6
DA:10,6
DA:11,21
DA:12,21
DA:13,21
DA:14,3
DA:15,3
DA:16,21
DA:17,6
DA:18,6
DA:19,21
DA:20,9
DA:21,9
DA:22,3
DA:23,6
DA:24,6
DA:25,1
DA:26,1
DA:27,6
DA:28,6
DA:29,6
DA:30,6
LF:30
LH:30
BRDA:6,0,0,6
BRDA:10,1,0,21
BRDA:13,2,0,3
BRDA:15,3,0,18
BRDA:16,4,0,6
BRDA:18,5,0,12
BRDA:19,6,0,9
BRDA:21,7,0,3
BRDA:26,8,0,6
BRF:9
BRH:9
end_of_record
TN:
SF:src/parsers.js
FN:5,getContent
FN:10,default
FNF:2
FNH:2
FNDA:12,getContent
FNDA:6,default
DA:1,1
DA:2,1
DA:3,1
DA:4,1
DA:5,1
DA:6,12
DA:7,12
DA:8,12
DA:9,12
DA:10,1
DA:11,6
DA:12,12
DA:13,12
DA:14,12
DA:15,12
DA:16,12
DA:17,9
DA:18,12
DA:19,12
DA:20,3
DA:21,12
DA:22,12
DA:23,6
DA:24,6
LF:24
LH:24
BRDA:5,0,0,12
BRDA:10,1,0,6
BRDA:11,2,0,12
BRDA:16,3,0,9
BRDA:18,4,0,1
BRDA:19,5,0,3
BRF:6
BRH:6
end_of_record
